============================= test session starts =============================
platform win32 -- Python 3.12.8, pytest-9.0.3, pluggy-1.6.0 -- C:\Users\ADMIN\AppData\Local\Programs\Python\Python312\python.exe
cachedir: .pytest_cache
rootdir: C:\Users\ADMIN\Day24-Track02-Lab-Assignment\medviet-governance
plugins: anyio-4.13.0, Faker-37.12.0, hydra-core-1.3.2, langsmith-0.7.26, locust-2.43.4, asyncio-1.3.0
asyncio: mode=Mode.STRICT, debug=False, asyncio_default_fixture_loop_scope=None, asyncio_default_test_loop_scope=function
collecting ... collected 6 items

tests/test_pii.py::TestPIIDetection::test_cccd_detected PASSED           [ 16%]
tests/test_pii.py::TestPIIDetection::test_phone_detected PASSED          [ 33%]
tests/test_pii.py::TestPIIDetection::test_email_detected PASSED          [ 50%]
tests/test_pii.py::TestPIIDetection::test_detection_rate_above_95_percent PASSED [ 66%]
tests/test_pii.py::TestAnonymization::test_pii_not_in_output PASSED      [ 83%]
tests/test_pii.py::TestAnonymization::test_non_pii_columns_unchanged PASSED [100%]

============================= 6 passed in 26.24s ==============================
